<?xml version="1.0" encoding="UTF-8"?>
<testng-results skipped="0" failed="0" ignored="0" total="1" passed="1">
  <reporter-output>
  </reporter-output>
  <suite name="Default suite" duration-ms="7768" started-at="2018-07-03T20:37:13Z" finished-at="2018-07-03T20:37:21Z">
    <groups>
    </groups>
    <test name="Default test" duration-ms="7768" started-at="2018-07-03T20:37:13Z" finished-at="2018-07-03T20:37:21Z">
      <class name="QRCodeReader">
        <test-method status="PASS" signature="qrCodeReader()[pri:0, instance:QRCodeReader@6a4f787b]" name="qrCodeReader" duration-ms="7731" started-at="2018-07-03T20:37:13Z" finished-at="2018-07-03T20:37:21Z">
          <reporter-output>
          </reporter-output>
        </test-method> <!-- qrCodeReader -->
      </class> <!-- QRCodeReader -->
    </test> <!-- Default test -->
  </suite> <!-- Default suite -->
</testng-results>
