<?xml version="1.0" encoding="UTF-8"?>
<testng-results skipped="0" failed="0" ignored="0" total="2" passed="2">
  <reporter-output>
  </reporter-output>
  <suite name="Default suite" duration-ms="6825" started-at="2017-11-09T11:32:01Z" finished-at="2017-11-09T11:32:08Z">
    <groups>
    </groups>
    <test name="Default test" duration-ms="6825" started-at="2017-11-09T11:32:01Z" finished-at="2017-11-09T11:32:08Z">
      <class name="com.RestAssured.API.TestRailAPI">
        <test-method status="PASS" signature="setURL()[pri:0, instance:com.RestAssured.API.TestRailAPI@4501b7af]" name="setURL" is-config="true" duration-ms="17" started-at="2017-11-09T17:02:01Z" finished-at="2017-11-09T17:02:01Z">
          <reporter-output>
          </reporter-output>
        </test-method> <!-- setURL -->
        <test-method status="PASS" signature="loginInToApplication()[pri:0, instance:com.RestAssured.API.TestRailAPI@4501b7af]" name="loginInToApplication" is-config="true" duration-ms="855" started-at="2017-11-09T17:02:01Z" finished-at="2017-11-09T17:02:02Z">
          <reporter-output>
          </reporter-output>
        </test-method> <!-- loginInToApplication -->
        <test-method status="PASS" signature="addSuite()[pri:3, instance:com.RestAssured.API.TestRailAPI@4501b7af]" name="addSuite" duration-ms="4263" started-at="2017-11-09T17:02:02Z" finished-at="2017-11-09T17:02:06Z">
          <reporter-output>
          </reporter-output>
        </test-method> <!-- addSuite -->
        <test-method status="PASS" signature="loginInToApplication()[pri:0, instance:com.RestAssured.API.TestRailAPI@4501b7af]" name="loginInToApplication" is-config="true" duration-ms="6" started-at="2017-11-09T17:02:06Z" finished-at="2017-11-09T17:02:06Z">
          <reporter-output>
          </reporter-output>
        </test-method> <!-- loginInToApplication -->
        <test-method status="PASS" signature="addSection()[pri:4, instance:com.RestAssured.API.TestRailAPI@4501b7af]" name="addSection" duration-ms="1638" started-at="2017-11-09T17:02:06Z" finished-at="2017-11-09T17:02:08Z">
          <reporter-output>
          </reporter-output>
        </test-method> <!-- addSection -->
      </class> <!-- com.RestAssured.API.TestRailAPI -->
    </test> <!-- Default test -->
  </suite> <!-- Default suite -->
</testng-results>
